  Account.cpp
D:\OOP\ATMSYSTEM\Account.cpp(27,20): warning C4018: '<': signed/unsigned mismatch
  CashScreen.cpp
  ControlStruct2.cpp
D:\OOP\ATMSYSTEM\ControlStruct2.cpp(19,20): warning C4018: '<': signed/unsigned mismatch
  ControlStructure.cpp
D:\OOP\ATMSYSTEM\ControlStructure.cpp(28,20): warning C4018: '<': signed/unsigned mismatch
  Display.cpp
  Extra.cpp
  FastCash.cpp
D:\OOP\ATMSYSTEM\FastCash.cpp(23,20): warning C4018: '<': signed/unsigned mismatch
D:\OOP\ATMSYSTEM\FastCash.cpp(39,19): warning C4101: 'withdrawCash': unreferenced local variable
  LogIn.cpp
D:\OOP\ATMSYSTEM\LogIn.cpp(41,20): warning C4018: '<': signed/unsigned mismatch
D:\OOP\ATMSYSTEM\LogIn.cpp(75,20): warning C4018: '<': signed/unsigned mismatch
  MAIN.cpp
D:\OOP\ATMSYSTEM\MAIN.cpp(22,20): warning C4018: '<': signed/unsigned mismatch
  MainScreen.cpp
  NewAccount.cpp
D:\OOP\ATMSYSTEM\NewAccount.cpp(19,20): warning C4018: '<': signed/unsigned mismatch
D:\OOP\ATMSYSTEM\NewAccount.cpp(32,20): warning C4018: '<': signed/unsigned mismatch
  UserInfo.cpp
D:\OOP\ATMSYSTEM\UserInfo.cpp(178,20): warning C4018: '<': signed/unsigned mismatch
D:\OOP\ATMSYSTEM\UserInfo.cpp(212,20): warning C4018: '<': signed/unsigned mismatch
  Generating Code...
D:\OOP\ATMSYSTEM\ControlStructure.cpp(391): warning C4715: 'ControlStructure::Execute': not all control paths return a value
  ATMSYSTEM.vcxproj -> D:\OOP\ATMSYSTEM\Debug\ATMSYSTEM.exe
