d:\oop\atmsystem\debug\vc142.pdb
d:\oop\atmsystem\debug\vc142.idb
d:\oop\atmsystem\debug\userinfo.obj
d:\oop\atmsystem\debug\newaccount.obj
d:\oop\atmsystem\debug\mainscreen.obj
d:\oop\atmsystem\debug\main.obj
d:\oop\atmsystem\debug\login.obj
d:\oop\atmsystem\debug\fastcash.obj
d:\oop\atmsystem\debug\extra.obj
d:\oop\atmsystem\debug\display.obj
d:\oop\atmsystem\debug\controlstructure.obj
d:\oop\atmsystem\debug\controlstruct2.obj
d:\oop\atmsystem\debug\cashscreen.obj
d:\oop\atmsystem\debug\account.obj
d:\oop\atmsystem\debug\atmsystem.exe
d:\oop\atmsystem\debug\atmsystem.ilk
d:\oop\atmsystem\debug\atmsystem.pdb
d:\oop\atmsystem\debug\atmsystem.tlog\cl.command.1.tlog
d:\oop\atmsystem\debug\atmsystem.tlog\cl.read.1.tlog
d:\oop\atmsystem\debug\atmsystem.tlog\cl.write.1.tlog
d:\oop\atmsystem\debug\atmsystem.tlog\link.command.1.tlog
d:\oop\atmsystem\debug\atmsystem.tlog\link.read.1.tlog
d:\oop\atmsystem\debug\atmsystem.tlog\link.write.1.tlog
